2024-11-29T17:12:19.219+05:30  INFO 4496 --- [user-service] [restartedMain] c.u.user_service.UserServiceApplication  : Starting UserServiceApplication using Java 21.0.4 with PID 4496 (C:\Users\shant\Documents\GitHub\RoomServiceManagementSystem\user-service\target\classes started by shant in C:\Users\shant\Documents\GitHub\RoomServiceManagementSystem\user-service)
2024-11-29T17:12:19.220+05:30 DEBUG 4496 --- [user-service] [restartedMain] c.u.user_service.UserServiceApplication  : Running with Spring Boot v3.4.0, Spring v6.2.0
2024-11-29T17:12:19.221+05:30  INFO 4496 --- [user-service] [restartedMain] c.u.user_service.UserServiceApplication  : No active profile set, falling back to 1 default profile: "default"
2024-11-29T17:12:19.425+05:30  INFO 4496 --- [user-service] [restartedMain] .s.d.r.c.RepositoryConfigurationDelegate : Bootstrapping Spring Data JPA repositories in DEFAULT mode.
2024-11-29T17:12:19.435+05:30  INFO 4496 --- [user-service] [restartedMain] .s.d.r.c.RepositoryConfigurationDelegate : Finished Spring Data repository scanning in 7 ms. Found 1 JPA repository interface.
2024-11-29T17:12:19.645+05:30  INFO 4496 --- [user-service] [restartedMain] o.s.b.w.embedded.tomcat.TomcatWebServer  : Tomcat initialized with port 8080 (http)
2024-11-29T17:12:19.647+05:30  INFO 4496 --- [user-service] [restartedMain] o.apache.catalina.core.StandardService   : Starting service [Tomcat]
2024-11-29T17:12:19.648+05:30  INFO 4496 --- [user-service] [restartedMain] o.apache.catalina.core.StandardEngine    : Starting Servlet engine: [Apache Tomcat/10.1.33]
2024-11-29T17:12:19.694+05:30  INFO 4496 --- [user-service] [restartedMain] o.a.c.c.C.[Tomcat].[localhost].[/]       : Initializing Spring embedded WebApplicationContext
2024-11-29T17:12:19.695+05:30  INFO 4496 --- [user-service] [restartedMain] w.s.c.ServletWebServerApplicationContext : Root WebApplicationContext: initialization completed in 469 ms
2024-11-29T17:12:19.760+05:30  INFO 4496 --- [user-service] [restartedMain] o.hibernate.jpa.internal.util.LogHelper  : HHH000204: Processing PersistenceUnitInfo [name: default]
2024-11-29T17:12:19.767+05:30  INFO 4496 --- [user-service] [restartedMain] o.h.c.internal.RegionFactoryInitiator    : HHH000026: Second-level cache disabled
2024-11-29T17:12:19.784+05:30  INFO 4496 --- [user-service] [restartedMain] o.s.o.j.p.SpringPersistenceUnitInfo      : No LoadTimeWeaver setup: ignoring JPA class transformer
2024-11-29T17:12:19.788+05:30  INFO 4496 --- [user-service] [restartedMain] com.zaxxer.hikari.HikariDataSource       : HikariPool-4 - Starting...
2024-11-29T17:12:19.811+05:30  INFO 4496 --- [user-service] [restartedMain] com.zaxxer.hikari.pool.HikariPool        : HikariPool-4 - Added connection com.mysql.cj.jdbc.ConnectionImpl@58cd8b62
2024-11-29T17:12:19.812+05:30  INFO 4496 --- [user-service] [restartedMain] com.zaxxer.hikari.HikariDataSource       : HikariPool-4 - Start completed.
2024-11-29T17:12:19.813+05:30  WARN 4496 --- [user-service] [restartedMain] org.hibernate.orm.deprecation            : HHH90000025: MySQL8Dialect does not need to be specified explicitly using 'hibernate.dialect' (remove the property setting and it will be selected by default)
2024-11-29T17:12:19.814+05:30  WARN 4496 --- [user-service] [restartedMain] org.hibernate.orm.deprecation            : HHH90000026: MySQL8Dialect has been deprecated; use org.hibernate.dialect.MySQLDialect instead
2024-11-29T17:12:19.815+05:30  INFO 4496 --- [user-service] [restartedMain] org.hibernate.orm.connections.pooling    : HHH10001005: Database info:
	Database JDBC URL [Connecting through datasource 'HikariDataSource (HikariPool-4)']
	Database driver: undefined/unknown
	Database version: 8.0
	Autocommit mode: undefined/unknown
	Isolation level: undefined/unknown
	Minimum pool size: undefined/unknown
	Maximum pool size: undefined/unknown
2024-11-29T17:12:19.884+05:30  INFO 4496 --- [user-service] [restartedMain] o.h.e.t.j.p.i.JtaPlatformInitiator       : HHH000489: No JTA platform available (set 'hibernate.transaction.jta.platform' to enable JTA platform integration)
2024-11-29T17:12:19.900+05:30  INFO 4496 --- [user-service] [restartedMain] j.LocalContainerEntityManagerFactoryBean : Initialized JPA EntityManagerFactory for persistence unit 'default'
2024-11-29T17:12:20.036+05:30  WARN 4496 --- [user-service] [restartedMain] JpaBaseConfiguration$JpaWebConfiguration : spring.jpa.open-in-view is enabled by default. Therefore, database queries may be performed during view rendering. Explicitly configure spring.jpa.open-in-view to disable this warning
2024-11-29T17:12:20.229+05:30  INFO 4496 --- [user-service] [restartedMain] o.s.b.d.a.OptionalLiveReloadServer       : LiveReload server is running on port 35729
2024-11-29T17:12:20.276+05:30  INFO 4496 --- [user-service] [restartedMain] o.s.b.w.embedded.tomcat.TomcatWebServer  : Tomcat started on port 8080 (http) with context path '/'
2024-11-29T17:12:20.306+05:30  INFO 4496 --- [user-service] [restartedMain] c.u.user_service.UserServiceApplication  : Started UserServiceApplication in 1.169 seconds (process running for 1243.985)
2024-11-29T17:12:20.314+05:30  INFO 4496 --- [user-service] [restartedMain] .ConditionEvaluationDeltaLoggingListener : Condition evaluation unchanged
2024-11-29T17:13:03.649+05:30  INFO 4496 --- [user-service] [File Watcher] rtingClassPathChangeChangedEventListener : Restarting due to 3 class path changes (0 additions, 0 deletions, 3 modifications)
2024-11-29T17:13:03.659+05:30  INFO 4496 --- [user-service] [Thread-15] o.s.b.w.e.tomcat.GracefulShutdown        : Commencing graceful shutdown. Waiting for active requests to complete
2024-11-29T17:13:03.669+05:30  INFO 4496 --- [user-service] [tomcat-shutdown] o.s.b.w.e.tomcat.GracefulShutdown        : Graceful shutdown complete
2024-11-29T17:13:03.675+05:30  INFO 4496 --- [user-service] [Thread-15] j.LocalContainerEntityManagerFactoryBean : Closing JPA EntityManagerFactory for persistence unit 'default'
2024-11-29T17:13:03.678+05:30  INFO 4496 --- [user-service] [Thread-15] com.zaxxer.hikari.HikariDataSource       : HikariPool-4 - Shutdown initiated...
2024-11-29T17:13:03.709+05:30  INFO 4496 --- [user-service] [Thread-15] com.zaxxer.hikari.HikariDataSource       : HikariPool-4 - Shutdown completed.
2024-11-29T17:13:06.203+05:30  INFO 4496 --- [user-service] [restartedMain] c.u.user_service.UserServiceApplication  : Starting UserServiceApplication using Java 21.0.4 with PID 4496 (C:\Users\shant\Documents\GitHub\RoomServiceManagementSystem\user-service\target\classes started by shant in C:\Users\shant\Documents\GitHub\RoomServiceManagementSystem\user-service)
2024-11-29T17:13:06.204+05:30 DEBUG 4496 --- [user-service] [restartedMain] c.u.user_service.UserServiceApplication  : Running with Spring Boot v3.4.0, Spring v6.2.0
2024-11-29T17:13:06.204+05:30  INFO 4496 --- [user-service] [restartedMain] c.u.user_service.UserServiceApplication  : No active profile set, falling back to 1 default profile: "default"
2024-11-29T17:13:06.392+05:30  INFO 4496 --- [user-service] [restartedMain] .s.d.r.c.RepositoryConfigurationDelegate : Bootstrapping Spring Data JPA repositories in DEFAULT mode.
2024-11-29T17:13:06.402+05:30  INFO 4496 --- [user-service] [restartedMain] .s.d.r.c.RepositoryConfigurationDelegate : Finished Spring Data repository scanning in 8 ms. Found 1 JPA repository interface.
2024-11-29T17:13:06.572+05:30  INFO 4496 --- [user-service] [restartedMain] o.s.b.w.embedded.tomcat.TomcatWebServer  : Tomcat initialized with port 8080 (http)
2024-11-29T17:13:06.575+05:30  INFO 4496 --- [user-service] [restartedMain] o.apache.catalina.core.StandardService   : Starting service [Tomcat]
2024-11-29T17:13:06.575+05:30  INFO 4496 --- [user-service] [restartedMain] o.apache.catalina.core.StandardEngine    : Starting Servlet engine: [Apache Tomcat/10.1.33]
2024-11-29T17:13:06.603+05:30  INFO 4496 --- [user-service] [restartedMain] o.a.c.c.C.[Tomcat-1].[localhost].[/]     : Initializing Spring embedded WebApplicationContext
2024-11-29T17:13:06.603+05:30  INFO 4496 --- [user-service] [restartedMain] w.s.c.ServletWebServerApplicationContext : Root WebApplicationContext: initialization completed in 395 ms
2024-11-29T17:13:06.653+05:30  INFO 4496 --- [user-service] [restartedMain] o.hibernate.jpa.internal.util.LogHelper  : HHH000204: Processing PersistenceUnitInfo [name: default]
2024-11-29T17:13:06.659+05:30  INFO 4496 --- [user-service] [restartedMain] o.h.c.internal.RegionFactoryInitiator    : HHH000026: Second-level cache disabled
2024-11-29T17:13:06.676+05:30  INFO 4496 --- [user-service] [restartedMain] o.s.o.j.p.SpringPersistenceUnitInfo      : No LoadTimeWeaver setup: ignoring JPA class transformer
2024-11-29T17:13:06.679+05:30  INFO 4496 --- [user-service] [restartedMain] com.zaxxer.hikari.HikariDataSource       : HikariPool-5 - Starting...
2024-11-29T17:13:06.700+05:30  INFO 4496 --- [user-service] [restartedMain] com.zaxxer.hikari.pool.HikariPool        : HikariPool-5 - Added connection com.mysql.cj.jdbc.ConnectionImpl@7451c05a
2024-11-29T17:13:06.700+05:30  INFO 4496 --- [user-service] [restartedMain] com.zaxxer.hikari.HikariDataSource       : HikariPool-5 - Start completed.
2024-11-29T17:13:06.701+05:30  WARN 4496 --- [user-service] [restartedMain] org.hibernate.orm.deprecation            : HHH90000025: MySQL8Dialect does not need to be specified explicitly using 'hibernate.dialect' (remove the property setting and it will be selected by default)
2024-11-29T17:13:06.701+05:30  WARN 4496 --- [user-service] [restartedMain] org.hibernate.orm.deprecation            : HHH90000026: MySQL8Dialect has been deprecated; use org.hibernate.dialect.MySQLDialect instead
2024-11-29T17:13:06.702+05:30  INFO 4496 --- [user-service] [restartedMain] org.hibernate.orm.connections.pooling    : HHH10001005: Database info:
	Database JDBC URL [Connecting through datasource 'HikariDataSource (HikariPool-5)']
	Database driver: undefined/unknown
	Database version: 8.0
	Autocommit mode: undefined/unknown
	Isolation level: undefined/unknown
	Minimum pool size: undefined/unknown
	Maximum pool size: undefined/unknown
2024-11-29T17:13:06.773+05:30  INFO 4496 --- [user-service] [restartedMain] o.h.e.t.j.p.i.JtaPlatformInitiator       : HHH000489: No JTA platform available (set 'hibernate.transaction.jta.platform' to enable JTA platform integration)
2024-11-29T17:13:06.786+05:30  INFO 4496 --- [user-service] [restartedMain] j.LocalContainerEntityManagerFactoryBean : Initialized JPA EntityManagerFactory for persistence unit 'default'
2024-11-29T17:13:06.902+05:30  WARN 4496 --- [user-service] [restartedMain] JpaBaseConfiguration$JpaWebConfiguration : spring.jpa.open-in-view is enabled by default. Therefore, database queries may be performed during view rendering. Explicitly configure spring.jpa.open-in-view to disable this warning
2024-11-29T17:13:07.048+05:30  INFO 4496 --- [user-service] [restartedMain] o.s.b.d.a.OptionalLiveReloadServer       : LiveReload server is running on port 35729
2024-11-29T17:13:07.071+05:30  INFO 4496 --- [user-service] [restartedMain] o.s.b.w.embedded.tomcat.TomcatWebServer  : Tomcat started on port 8080 (http) with context path '/'
2024-11-29T17:13:07.083+05:30  INFO 4496 --- [user-service] [restartedMain] c.u.user_service.UserServiceApplication  : Started UserServiceApplication in 0.932 seconds (process running for 1290.762)
2024-11-29T17:13:07.089+05:30  INFO 4496 --- [user-service] [restartedMain] .ConditionEvaluationDeltaLoggingListener : Condition evaluation unchanged
2024-11-29T17:16:15.000+05:30  INFO 4496 --- [user-service] [File Watcher] rtingClassPathChangeChangedEventListener : Restarting due to 1 class path change (0 additions, 0 deletions, 1 modification)
2024-11-29T17:16:15.004+05:30  INFO 4496 --- [user-service] [Thread-19] o.s.b.w.e.tomcat.GracefulShutdown        : Commencing graceful shutdown. Waiting for active requests to complete
2024-11-29T17:16:15.010+05:30  INFO 4496 --- [user-service] [tomcat-shutdown] o.s.b.w.e.tomcat.GracefulShutdown        : Graceful shutdown complete
2024-11-29T17:16:15.014+05:30  INFO 4496 --- [user-service] [Thread-19] j.LocalContainerEntityManagerFactoryBean : Closing JPA EntityManagerFactory for persistence unit 'default'
2024-11-29T17:16:15.016+05:30  INFO 4496 --- [user-service] [Thread-19] com.zaxxer.hikari.HikariDataSource       : HikariPool-5 - Shutdown initiated...
2024-11-29T17:16:15.023+05:30  INFO 4496 --- [user-service] [Thread-19] com.zaxxer.hikari.HikariDataSource       : HikariPool-5 - Shutdown completed.
2024-11-29T17:16:15.137+05:30  INFO 4496 --- [user-service] [restartedMain] c.u.user_service.UserServiceApplication  : Starting UserServiceApplication using Java 21.0.4 with PID 4496 (C:\Users\shant\Documents\GitHub\RoomServiceManagementSystem\user-service\target\classes started by shant in C:\Users\shant\Documents\GitHub\RoomServiceManagementSystem\user-service)
2024-11-29T17:16:15.137+05:30 DEBUG 4496 --- [user-service] [restartedMain] c.u.user_service.UserServiceApplication  : Running with Spring Boot v3.4.0, Spring v6.2.0
2024-11-29T17:16:15.137+05:30  INFO 4496 --- [user-service] [restartedMain] c.u.user_service.UserServiceApplication  : No active profile set, falling back to 1 default profile: "default"
2024-11-29T17:16:15.361+05:30  INFO 4496 --- [user-service] [restartedMain] .s.d.r.c.RepositoryConfigurationDelegate : Bootstrapping Spring Data JPA repositories in DEFAULT mode.
2024-11-29T17:16:15.371+05:30  INFO 4496 --- [user-service] [restartedMain] .s.d.r.c.RepositoryConfigurationDelegate : Finished Spring Data repository scanning in 8 ms. Found 1 JPA repository interface.
2024-11-29T17:16:15.595+05:30  INFO 4496 --- [user-service] [restartedMain] o.s.b.w.embedded.tomcat.TomcatWebServer  : Tomcat initialized with port 8080 (http)
2024-11-29T17:16:15.600+05:30  INFO 4496 --- [user-service] [restartedMain] o.apache.catalina.core.StandardService   : Starting service [Tomcat]
2024-11-29T17:16:15.600+05:30  INFO 4496 --- [user-service] [restartedMain] o.apache.catalina.core.StandardEngine    : Starting Servlet engine: [Apache Tomcat/10.1.33]
2024-11-29T17:16:15.632+05:30  INFO 4496 --- [user-service] [restartedMain] o.a.c.c.C.[Tomcat-1].[localhost].[/]     : Initializing Spring embedded WebApplicationContext
2024-11-29T17:16:15.633+05:30  INFO 4496 --- [user-service] [restartedMain] w.s.c.ServletWebServerApplicationContext : Root WebApplicationContext: initialization completed in 490 ms
2024-11-29T17:16:15.714+05:30  INFO 4496 --- [user-service] [restartedMain] o.hibernate.jpa.internal.util.LogHelper  : HHH000204: Processing PersistenceUnitInfo [name: default]
2024-11-29T17:16:15.720+05:30  INFO 4496 --- [user-service] [restartedMain] o.h.c.internal.RegionFactoryInitiator    : HHH000026: Second-level cache disabled
2024-11-29T17:16:15.740+05:30  INFO 4496 --- [user-service] [restartedMain] o.s.o.j.p.SpringPersistenceUnitInfo      : No LoadTimeWeaver setup: ignoring JPA class transformer
2024-11-29T17:16:15.742+05:30  INFO 4496 --- [user-service] [restartedMain] com.zaxxer.hikari.HikariDataSource       : HikariPool-6 - Starting...
2024-11-29T17:16:15.762+05:30  INFO 4496 --- [user-service] [restartedMain] com.zaxxer.hikari.pool.HikariPool        : HikariPool-6 - Added connection com.mysql.cj.jdbc.ConnectionImpl@41f8a7c1
2024-11-29T17:16:15.763+05:30  INFO 4496 --- [user-service] [restartedMain] com.zaxxer.hikari.HikariDataSource       : HikariPool-6 - Start completed.
2024-11-29T17:16:15.764+05:30  WARN 4496 --- [user-service] [restartedMain] org.hibernate.orm.deprecation            : HHH90000025: MySQL8Dialect does not need to be specified explicitly using 'hibernate.dialect' (remove the property setting and it will be selected by default)
2024-11-29T17:16:15.764+05:30  WARN 4496 --- [user-service] [restartedMain] org.hibernate.orm.deprecation            : HHH90000026: MySQL8Dialect has been deprecated; use org.hibernate.dialect.MySQLDialect instead
2024-11-29T17:16:15.765+05:30  INFO 4496 --- [user-service] [restartedMain] org.hibernate.orm.connections.pooling    : HHH10001005: Database info:
	Database JDBC URL [Connecting through datasource 'HikariDataSource (HikariPool-6)']
	Database driver: undefined/unknown
	Database version: 8.0
	Autocommit mode: undefined/unknown
	Isolation level: undefined/unknown
	Minimum pool size: undefined/unknown
	Maximum pool size: undefined/unknown
2024-11-29T17:16:15.828+05:30  INFO 4496 --- [user-service] [restartedMain] o.h.e.t.j.p.i.JtaPlatformInitiator       : HHH000489: No JTA platform available (set 'hibernate.transaction.jta.platform' to enable JTA platform integration)
2024-11-29T17:16:15.842+05:30  INFO 4496 --- [user-service] [restartedMain] j.LocalContainerEntityManagerFactoryBean : Initialized JPA EntityManagerFactory for persistence unit 'default'
2024-11-29T17:16:15.959+05:30  WARN 4496 --- [user-service] [restartedMain] JpaBaseConfiguration$JpaWebConfiguration : spring.jpa.open-in-view is enabled by default. Therefore, database queries may be performed during view rendering. Explicitly configure spring.jpa.open-in-view to disable this warning
2024-11-29T17:16:16.153+05:30  INFO 4496 --- [user-service] [restartedMain] o.s.b.d.a.OptionalLiveReloadServer       : LiveReload server is running on port 35729
2024-11-29T17:16:16.174+05:30  INFO 4496 --- [user-service] [restartedMain] o.s.b.w.embedded.tomcat.TomcatWebServer  : Tomcat started on port 8080 (http) with context path '/'
2024-11-29T17:16:16.186+05:30  INFO 4496 --- [user-service] [restartedMain] c.u.user_service.UserServiceApplication  : Started UserServiceApplication in 1.099 seconds (process running for 1479.864)
2024-11-29T17:16:16.192+05:30  INFO 4496 --- [user-service] [restartedMain] .ConditionEvaluationDeltaLoggingListener : Condition evaluation unchanged
2024-11-29T17:16:39.849+05:30  INFO 4496 --- [user-service] [File Watcher] rtingClassPathChangeChangedEventListener : Restarting due to 1 class path change (0 additions, 0 deletions, 1 modification)
2024-11-29T17:16:39.852+05:30  INFO 4496 --- [user-service] [Thread-26] o.s.b.w.e.tomcat.GracefulShutdown        : Commencing graceful shutdown. Waiting for active requests to complete
2024-11-29T17:16:39.870+05:30  INFO 4496 --- [user-service] [tomcat-shutdown] o.s.b.w.e.tomcat.GracefulShutdown        : Graceful shutdown complete
2024-11-29T17:16:39.876+05:30  INFO 4496 --- [user-service] [Thread-26] j.LocalContainerEntityManagerFactoryBean : Closing JPA EntityManagerFactory for persistence unit 'default'
2024-11-29T17:16:39.879+05:30  INFO 4496 --- [user-service] [Thread-26] com.zaxxer.hikari.HikariDataSource       : HikariPool-6 - Shutdown initiated...
2024-11-29T17:16:39.895+05:30  INFO 4496 --- [user-service] [Thread-26] com.zaxxer.hikari.HikariDataSource       : HikariPool-6 - Shutdown completed.
2024-11-29T17:16:40.010+05:30  INFO 4496 --- [user-service] [restartedMain] c.u.user_service.UserServiceApplication  : Starting UserServiceApplication using Java 21.0.4 with PID 4496 (C:\Users\shant\Documents\GitHub\RoomServiceManagementSystem\user-service\target\classes started by shant in C:\Users\shant\Documents\GitHub\RoomServiceManagementSystem\user-service)
2024-11-29T17:16:40.010+05:30 DEBUG 4496 --- [user-service] [restartedMain] c.u.user_service.UserServiceApplication  : Running with Spring Boot v3.4.0, Spring v6.2.0
2024-11-29T17:16:40.011+05:30  INFO 4496 --- [user-service] [restartedMain] c.u.user_service.UserServiceApplication  : No active profile set, falling back to 1 default profile: "default"
2024-11-29T17:16:40.207+05:30  INFO 4496 --- [user-service] [restartedMain] .s.d.r.c.RepositoryConfigurationDelegate : Bootstrapping Spring Data JPA repositories in DEFAULT mode.
2024-11-29T17:16:40.219+05:30  INFO 4496 --- [user-service] [restartedMain] .s.d.r.c.RepositoryConfigurationDelegate : Finished Spring Data repository scanning in 9 ms. Found 1 JPA repository interface.
2024-11-29T17:16:40.394+05:30  INFO 4496 --- [user-service] [restartedMain] o.s.b.w.embedded.tomcat.TomcatWebServer  : Tomcat initialized with port 8080 (http)
2024-11-29T17:16:40.396+05:30  INFO 4496 --- [user-service] [restartedMain] o.apache.catalina.core.StandardService   : Starting service [Tomcat]
2024-11-29T17:16:40.397+05:30  INFO 4496 --- [user-service] [restartedMain] o.apache.catalina.core.StandardEngine    : Starting Servlet engine: [Apache Tomcat/10.1.33]
2024-11-29T17:16:40.434+05:30  INFO 4496 --- [user-service] [restartedMain] o.a.c.c.C.[Tomcat-1].[localhost].[/]     : Initializing Spring embedded WebApplicationContext
2024-11-29T17:16:40.434+05:30  INFO 4496 --- [user-service] [restartedMain] w.s.c.ServletWebServerApplicationContext : Root WebApplicationContext: initialization completed in 419 ms
2024-11-29T17:16:40.503+05:30  INFO 4496 --- [user-service] [restartedMain] o.hibernate.jpa.internal.util.LogHelper  : HHH000204: Processing PersistenceUnitInfo [name: default]
2024-11-29T17:16:40.507+05:30  INFO 4496 --- [user-service] [restartedMain] o.h.c.internal.RegionFactoryInitiator    : HHH000026: Second-level cache disabled
2024-11-29T17:16:40.523+05:30  INFO 4496 --- [user-service] [restartedMain] o.s.o.j.p.SpringPersistenceUnitInfo      : No LoadTimeWeaver setup: ignoring JPA class transformer
2024-11-29T17:16:40.524+05:30  INFO 4496 --- [user-service] [restartedMain] com.zaxxer.hikari.HikariDataSource       : HikariPool-7 - Starting...
2024-11-29T17:16:40.543+05:30  INFO 4496 --- [user-service] [restartedMain] com.zaxxer.hikari.pool.HikariPool        : HikariPool-7 - Added connection com.mysql.cj.jdbc.ConnectionImpl@11142d68
2024-11-29T17:16:40.543+05:30  INFO 4496 --- [user-service] [restartedMain] com.zaxxer.hikari.HikariDataSource       : HikariPool-7 - Start completed.
2024-11-29T17:16:40.544+05:30  WARN 4496 --- [user-service] [restartedMain] org.hibernate.orm.deprecation            : HHH90000025: MySQL8Dialect does not need to be specified explicitly using 'hibernate.dialect' (remove the property setting and it will be selected by default)
2024-11-29T17:16:40.545+05:30  WARN 4496 --- [user-service] [restartedMain] org.hibernate.orm.deprecation            : HHH90000026: MySQL8Dialect has been deprecated; use org.hibernate.dialect.MySQLDialect instead
2024-11-29T17:16:40.545+05:30  INFO 4496 --- [user-service] [restartedMain] org.hibernate.orm.connections.pooling    : HHH10001005: Database info:
	Database JDBC URL [Connecting through datasource 'HikariDataSource (HikariPool-7)']
	Database driver: undefined/unknown
	Database version: 8.0
	Autocommit mode: undefined/unknown
	Isolation level: undefined/unknown
	Minimum pool size: undefined/unknown
	Maximum pool size: undefined/unknown
2024-11-29T17:16:40.603+05:30  INFO 4496 --- [user-service] [restartedMain] o.h.e.t.j.p.i.JtaPlatformInitiator       : HHH000489: No JTA platform available (set 'hibernate.transaction.jta.platform' to enable JTA platform integration)
2024-11-29T17:16:40.616+05:30  INFO 4496 --- [user-service] [restartedMain] j.LocalContainerEntityManagerFactoryBean : Initialized JPA EntityManagerFactory for persistence unit 'default'
2024-11-29T17:16:40.705+05:30  WARN 4496 --- [user-service] [restartedMain] JpaBaseConfiguration$JpaWebConfiguration : spring.jpa.open-in-view is enabled by default. Therefore, database queries may be performed during view rendering. Explicitly configure spring.jpa.open-in-view to disable this warning
2024-11-29T17:16:40.856+05:30  INFO 4496 --- [user-service] [restartedMain] o.s.b.d.a.OptionalLiveReloadServer       : LiveReload server is running on port 35729
2024-11-29T17:16:40.873+05:30  INFO 4496 --- [user-service] [restartedMain] o.s.b.w.embedded.tomcat.TomcatWebServer  : Tomcat started on port 8080 (http) with context path '/'
2024-11-29T17:16:40.881+05:30  INFO 4496 --- [user-service] [restartedMain] c.u.user_service.UserServiceApplication  : Started UserServiceApplication in 0.912 seconds (process running for 1504.56)
2024-11-29T17:16:40.886+05:30  INFO 4496 --- [user-service] [restartedMain] .ConditionEvaluationDeltaLoggingListener : Condition evaluation unchanged
2024-11-29T17:17:22.750+05:30  INFO 4496 --- [user-service] [File Watcher] rtingClassPathChangeChangedEventListener : Restarting due to 1 class path change (0 additions, 0 deletions, 1 modification)
2024-11-29T17:17:22.752+05:30  INFO 4496 --- [user-service] [Thread-30] o.s.b.w.e.tomcat.GracefulShutdown        : Commencing graceful shutdown. Waiting for active requests to complete
2024-11-29T17:17:22.764+05:30  INFO 4496 --- [user-service] [tomcat-shutdown] o.s.b.w.e.tomcat.GracefulShutdown        : Graceful shutdown complete
2024-11-29T17:17:22.768+05:30  INFO 4496 --- [user-service] [Thread-30] j.LocalContainerEntityManagerFactoryBean : Closing JPA EntityManagerFactory for persistence unit 'default'
2024-11-29T17:17:22.772+05:30  INFO 4496 --- [user-service] [Thread-30] com.zaxxer.hikari.HikariDataSource       : HikariPool-7 - Shutdown initiated...
2024-11-29T17:17:22.814+05:30  INFO 4496 --- [user-service] [Thread-30] com.zaxxer.hikari.HikariDataSource       : HikariPool-7 - Shutdown completed.
2024-11-29T17:17:23.087+05:30  INFO 4496 --- [user-service] [restartedMain] c.u.user_service.UserServiceApplication  : Starting UserServiceApplication using Java 21.0.4 with PID 4496 (C:\Users\shant\Documents\GitHub\RoomServiceManagementSystem\user-service\target\classes started by shant in C:\Users\shant\Documents\GitHub\RoomServiceManagementSystem\user-service)
2024-11-29T17:17:23.088+05:30 DEBUG 4496 --- [user-service] [restartedMain] c.u.user_service.UserServiceApplication  : Running with Spring Boot v3.4.0, Spring v6.2.0
2024-11-29T17:17:23.088+05:30  INFO 4496 --- [user-service] [restartedMain] c.u.user_service.UserServiceApplication  : No active profile set, falling back to 1 default profile: "default"
2024-11-29T17:17:23.409+05:30  INFO 4496 --- [user-service] [restartedMain] .s.d.r.c.RepositoryConfigurationDelegate : Bootstrapping Spring Data JPA repositories in DEFAULT mode.
2024-11-29T17:17:23.422+05:30  INFO 4496 --- [user-service] [restartedMain] .s.d.r.c.RepositoryConfigurationDelegate : Finished Spring Data repository scanning in 10 ms. Found 1 JPA repository interface.
2024-11-29T17:17:23.909+05:30  INFO 4496 --- [user-service] [restartedMain] o.s.b.w.embedded.tomcat.TomcatWebServer  : Tomcat initialized with port 8080 (http)
2024-11-29T17:17:23.928+05:30  INFO 4496 --- [user-service] [restartedMain] o.apache.catalina.core.StandardService   : Starting service [Tomcat]
2024-11-29T17:17:23.928+05:30  INFO 4496 --- [user-service] [restartedMain] o.apache.catalina.core.StandardEngine    : Starting Servlet engine: [Apache Tomcat/10.1.33]
2024-11-29T17:17:23.975+05:30  INFO 4496 --- [user-service] [restartedMain] o.a.c.c.C.[Tomcat-1].[localhost].[/]     : Initializing Spring embedded WebApplicationContext
2024-11-29T17:17:23.975+05:30  INFO 4496 --- [user-service] [restartedMain] w.s.c.ServletWebServerApplicationContext : Root WebApplicationContext: initialization completed in 879 ms
2024-11-29T17:17:24.191+05:30  INFO 4496 --- [user-service] [restartedMain] o.hibernate.jpa.internal.util.LogHelper  : HHH000204: Processing PersistenceUnitInfo [name: default]
2024-11-29T17:17:24.258+05:30  INFO 4496 --- [user-service] [restartedMain] o.h.c.internal.RegionFactoryInitiator    : HHH000026: Second-level cache disabled
2024-11-29T17:17:24.292+05:30  INFO 4496 --- [user-service] [restartedMain] o.s.o.j.p.SpringPersistenceUnitInfo      : No LoadTimeWeaver setup: ignoring JPA class transformer
2024-11-29T17:17:24.335+05:30  INFO 4496 --- [user-service] [restartedMain] com.zaxxer.hikari.HikariDataSource       : HikariPool-8 - Starting...
2024-11-29T17:17:24.397+05:30  INFO 4496 --- [user-service] [restartedMain] com.zaxxer.hikari.pool.HikariPool        : HikariPool-8 - Added connection com.mysql.cj.jdbc.ConnectionImpl@3b3d897a
2024-11-29T17:17:24.398+05:30  INFO 4496 --- [user-service] [restartedMain] com.zaxxer.hikari.HikariDataSource       : HikariPool-8 - Start completed.
2024-11-29T17:17:24.399+05:30  WARN 4496 --- [user-service] [restartedMain] org.hibernate.orm.deprecation            : HHH90000025: MySQL8Dialect does not need to be specified explicitly using 'hibernate.dialect' (remove the property setting and it will be selected by default)
2024-11-29T17:17:24.399+05:30  WARN 4496 --- [user-service] [restartedMain] org.hibernate.orm.deprecation            : HHH90000026: MySQL8Dialect has been deprecated; use org.hibernate.dialect.MySQLDialect instead
2024-11-29T17:17:24.401+05:30  INFO 4496 --- [user-service] [restartedMain] org.hibernate.orm.connections.pooling    : HHH10001005: Database info:
	Database JDBC URL [Connecting through datasource 'HikariDataSource (HikariPool-8)']
	Database driver: undefined/unknown
	Database version: 8.0
	Autocommit mode: undefined/unknown
	Isolation level: undefined/unknown
	Minimum pool size: undefined/unknown
	Maximum pool size: undefined/unknown
2024-11-29T17:17:24.711+05:30  INFO 4496 --- [user-service] [restartedMain] o.h.e.t.j.p.i.JtaPlatformInitiator       : HHH000489: No JTA platform available (set 'hibernate.transaction.jta.platform' to enable JTA platform integration)
2024-11-29T17:17:24.731+05:30  INFO 4496 --- [user-service] [restartedMain] j.LocalContainerEntityManagerFactoryBean : Initialized JPA EntityManagerFactory for persistence unit 'default'
2024-11-29T17:17:25.154+05:30  WARN 4496 --- [user-service] [restartedMain] JpaBaseConfiguration$JpaWebConfiguration : spring.jpa.open-in-view is enabled by default. Therefore, database queries may be performed during view rendering. Explicitly configure spring.jpa.open-in-view to disable this warning
2024-11-29T17:17:25.664+05:30  INFO 4496 --- [user-service] [restartedMain] o.s.b.d.a.OptionalLiveReloadServer       : LiveReload server is running on port 35729
2024-11-29T17:17:25.703+05:30  INFO 4496 --- [user-service] [restartedMain] o.s.b.w.embedded.tomcat.TomcatWebServer  : Tomcat started on port 8080 (http) with context path '/'
2024-11-29T17:17:25.718+05:30  INFO 4496 --- [user-service] [restartedMain] c.u.user_service.UserServiceApplication  : Started UserServiceApplication in 2.717 seconds (process running for 1549.397)
2024-11-29T17:17:25.722+05:30  INFO 4496 --- [user-service] [restartedMain] .ConditionEvaluationDeltaLoggingListener : Condition evaluation unchanged
2024-11-29T17:17:27.125+05:30  INFO 4496 --- [user-service] [File Watcher] rtingClassPathChangeChangedEventListener : Restarting due to 15 class path changes (0 additions, 0 deletions, 15 modifications)
2024-11-29T17:17:27.127+05:30  INFO 4496 --- [user-service] [Thread-34] o.s.b.w.e.tomcat.GracefulShutdown        : Commencing graceful shutdown. Waiting for active requests to complete
2024-11-29T17:17:27.134+05:30  INFO 4496 --- [user-service] [tomcat-shutdown] o.s.b.w.e.tomcat.GracefulShutdown        : Graceful shutdown complete
2024-11-29T17:17:27.137+05:30  INFO 4496 --- [user-service] [Thread-34] j.LocalContainerEntityManagerFactoryBean : Closing JPA EntityManagerFactory for persistence unit 'default'
2024-11-29T17:17:27.138+05:30  INFO 4496 --- [user-service] [Thread-34] com.zaxxer.hikari.HikariDataSource       : HikariPool-8 - Shutdown initiated...
2024-11-29T17:17:27.153+05:30  INFO 4496 --- [user-service] [Thread-34] com.zaxxer.hikari.HikariDataSource       : HikariPool-8 - Shutdown completed.
2024-11-29T17:17:27.417+05:30  INFO 4496 --- [user-service] [restartedMain] c.u.user_service.UserServiceApplication  : Starting UserServiceApplication using Java 21.0.4 with PID 4496 (C:\Users\shant\Documents\GitHub\RoomServiceManagementSystem\user-service\target\classes started by shant in C:\Users\shant\Documents\GitHub\RoomServiceManagementSystem\user-service)
2024-11-29T17:17:27.420+05:30 DEBUG 4496 --- [user-service] [restartedMain] c.u.user_service.UserServiceApplication  : Running with Spring Boot v3.4.0, Spring v6.2.0
2024-11-29T17:17:27.423+05:30  INFO 4496 --- [user-service] [restartedMain] c.u.user_service.UserServiceApplication  : No active profile set, falling back to 1 default profile: "default"
2024-11-29T17:17:27.812+05:30  INFO 4496 --- [user-service] [restartedMain] .s.d.r.c.RepositoryConfigurationDelegate : Bootstrapping Spring Data JPA repositories in DEFAULT mode.
2024-11-29T17:17:27.835+05:30  INFO 4496 --- [user-service] [restartedMain] .s.d.r.c.RepositoryConfigurationDelegate : Finished Spring Data repository scanning in 16 ms. Found 1 JPA repository interface.
2024-11-29T17:17:28.143+05:30  INFO 4496 --- [user-service] [restartedMain] o.s.b.w.embedded.tomcat.TomcatWebServer  : Tomcat initialized with port 8080 (http)
2024-11-29T17:17:28.145+05:30  INFO 4496 --- [user-service] [restartedMain] o.apache.catalina.core.StandardService   : Starting service [Tomcat]
2024-11-29T17:17:28.146+05:30  INFO 4496 --- [user-service] [restartedMain] o.apache.catalina.core.StandardEngine    : Starting Servlet engine: [Apache Tomcat/10.1.33]
2024-11-29T17:17:28.186+05:30  INFO 4496 --- [user-service] [restartedMain] o.a.c.c.C.[Tomcat-1].[localhost].[/]     : Initializing Spring embedded WebApplicationContext
2024-11-29T17:17:28.189+05:30  INFO 4496 --- [user-service] [restartedMain] w.s.c.ServletWebServerApplicationContext : Root WebApplicationContext: initialization completed in 759 ms
2024-11-29T17:17:28.276+05:30  INFO 4496 --- [user-service] [restartedMain] o.hibernate.jpa.internal.util.LogHelper  : HHH000204: Processing PersistenceUnitInfo [name: default]
2024-11-29T17:17:28.283+05:30  INFO 4496 --- [user-service] [restartedMain] o.h.c.internal.RegionFactoryInitiator    : HHH000026: Second-level cache disabled
2024-11-29T17:17:28.309+05:30  INFO 4496 --- [user-service] [restartedMain] o.s.o.j.p.SpringPersistenceUnitInfo      : No LoadTimeWeaver setup: ignoring JPA class transformer
2024-11-29T17:17:28.316+05:30  INFO 4496 --- [user-service] [restartedMain] com.zaxxer.hikari.HikariDataSource       : HikariPool-9 - Starting...
2024-11-29T17:17:28.338+05:30  INFO 4496 --- [user-service] [restartedMain] com.zaxxer.hikari.pool.HikariPool        : HikariPool-9 - Added connection com.mysql.cj.jdbc.ConnectionImpl@3e2048f0
2024-11-29T17:17:28.338+05:30  INFO 4496 --- [user-service] [restartedMain] com.zaxxer.hikari.HikariDataSource       : HikariPool-9 - Start completed.
2024-11-29T17:17:28.339+05:30  WARN 4496 --- [user-service] [restartedMain] org.hibernate.orm.deprecation            : HHH90000025: MySQL8Dialect does not need to be specified explicitly using 'hibernate.dialect' (remove the property setting and it will be selected by default)
2024-11-29T17:17:28.340+05:30  WARN 4496 --- [user-service] [restartedMain] org.hibernate.orm.deprecation            : HHH90000026: MySQL8Dialect has been deprecated; use org.hibernate.dialect.MySQLDialect instead
2024-11-29T17:17:28.340+05:30  INFO 4496 --- [user-service] [restartedMain] org.hibernate.orm.connections.pooling    : HHH10001005: Database info:
	Database JDBC URL [Connecting through datasource 'HikariDataSource (HikariPool-9)']
	Database driver: undefined/unknown
	Database version: 8.0
	Autocommit mode: undefined/unknown
	Isolation level: undefined/unknown
	Minimum pool size: undefined/unknown
	Maximum pool size: undefined/unknown
2024-11-29T17:17:28.421+05:30  INFO 4496 --- [user-service] [restartedMain] o.h.e.t.j.p.i.JtaPlatformInitiator       : HHH000489: No JTA platform available (set 'hibernate.transaction.jta.platform' to enable JTA platform integration)
2024-11-29T17:17:28.439+05:30  INFO 4496 --- [user-service] [restartedMain] j.LocalContainerEntityManagerFactoryBean : Initialized JPA EntityManagerFactory for persistence unit 'default'
2024-11-29T17:17:28.655+05:30  WARN 4496 --- [user-service] [restartedMain] JpaBaseConfiguration$JpaWebConfiguration : spring.jpa.open-in-view is enabled by default. Therefore, database queries may be performed during view rendering. Explicitly configure spring.jpa.open-in-view to disable this warning
2024-11-29T17:17:28.929+05:30  INFO 4496 --- [user-service] [restartedMain] o.s.b.d.a.OptionalLiveReloadServer       : LiveReload server is running on port 35729
2024-11-29T17:17:28.954+05:30  INFO 4496 --- [user-service] [restartedMain] o.s.b.w.embedded.tomcat.TomcatWebServer  : Tomcat started on port 8080 (http) with context path '/'
2024-11-29T17:17:28.967+05:30  INFO 4496 --- [user-service] [restartedMain] c.u.user_service.UserServiceApplication  : Started UserServiceApplication in 1.663 seconds (process running for 1552.645)
2024-11-29T17:17:28.969+05:30  INFO 4496 --- [user-service] [restartedMain] .ConditionEvaluationDeltaLoggingListener : Condition evaluation unchanged
2024-11-29T17:18:14.940+05:30  INFO 4496 --- [user-service] [File Watcher] rtingClassPathChangeChangedEventListener : Restarting due to 1 class path change (0 additions, 0 deletions, 1 modification)
2024-11-29T17:18:14.946+05:30  INFO 4496 --- [user-service] [Thread-38] o.s.b.w.e.tomcat.GracefulShutdown        : Commencing graceful shutdown. Waiting for active requests to complete
2024-11-29T17:18:14.962+05:30  INFO 4496 --- [user-service] [tomcat-shutdown] o.s.b.w.e.tomcat.GracefulShutdown        : Graceful shutdown complete
2024-11-29T17:18:14.970+05:30  INFO 4496 --- [user-service] [Thread-38] j.LocalContainerEntityManagerFactoryBean : Closing JPA EntityManagerFactory for persistence unit 'default'
2024-11-29T17:18:14.973+05:30  INFO 4496 --- [user-service] [Thread-38] com.zaxxer.hikari.HikariDataSource       : HikariPool-9 - Shutdown initiated...
2024-11-29T17:18:14.982+05:30  INFO 4496 --- [user-service] [Thread-38] com.zaxxer.hikari.HikariDataSource       : HikariPool-9 - Shutdown completed.
2024-11-29T17:18:15.095+05:30  INFO 4496 --- [user-service] [restartedMain] c.u.user_service.UserServiceApplication  : Starting UserServiceApplication using Java 21.0.4 with PID 4496 (C:\Users\shant\Documents\GitHub\RoomServiceManagementSystem\user-service\target\classes started by shant in C:\Users\shant\Documents\GitHub\RoomServiceManagementSystem\user-service)
2024-11-29T17:18:15.095+05:30 DEBUG 4496 --- [user-service] [restartedMain] c.u.user_service.UserServiceApplication  : Running with Spring Boot v3.4.0, Spring v6.2.0
2024-11-29T17:18:15.096+05:30  INFO 4496 --- [user-service] [restartedMain] c.u.user_service.UserServiceApplication  : No active profile set, falling back to 1 default profile: "default"
2024-11-29T17:18:15.380+05:30  INFO 4496 --- [user-service] [restartedMain] .s.d.r.c.RepositoryConfigurationDelegate : Bootstrapping Spring Data JPA repositories in DEFAULT mode.
2024-11-29T17:18:15.393+05:30  INFO 4496 --- [user-service] [restartedMain] .s.d.r.c.RepositoryConfigurationDelegate : Finished Spring Data repository scanning in 10 ms. Found 1 JPA repository interface.
2024-11-29T17:18:15.633+05:30  INFO 4496 --- [user-service] [restartedMain] o.s.b.w.embedded.tomcat.TomcatWebServer  : Tomcat initialized with port 8080 (http)
2024-11-29T17:18:15.635+05:30  INFO 4496 --- [user-service] [restartedMain] o.apache.catalina.core.StandardService   : Starting service [Tomcat]
2024-11-29T17:18:15.636+05:30  INFO 4496 --- [user-service] [restartedMain] o.apache.catalina.core.StandardEngine    : Starting Servlet engine: [Apache Tomcat/10.1.33]
2024-11-29T17:18:15.667+05:30  INFO 4496 --- [user-service] [restartedMain] o.a.c.c.C.[Tomcat-1].[localhost].[/]     : Initializing Spring embedded WebApplicationContext
2024-11-29T17:18:15.667+05:30  INFO 4496 --- [user-service] [restartedMain] w.s.c.ServletWebServerApplicationContext : Root WebApplicationContext: initialization completed in 568 ms
2024-11-29T17:18:15.743+05:30  INFO 4496 --- [user-service] [restartedMain] o.hibernate.jpa.internal.util.LogHelper  : HHH000204: Processing PersistenceUnitInfo [name: default]
2024-11-29T17:18:15.748+05:30  INFO 4496 --- [user-service] [restartedMain] o.h.c.internal.RegionFactoryInitiator    : HHH000026: Second-level cache disabled
2024-11-29T17:18:15.766+05:30  INFO 4496 --- [user-service] [restartedMain] o.s.o.j.p.SpringPersistenceUnitInfo      : No LoadTimeWeaver setup: ignoring JPA class transformer
2024-11-29T17:18:15.769+05:30  INFO 4496 --- [user-service] [restartedMain] com.zaxxer.hikari.HikariDataSource       : HikariPool-10 - Starting...
2024-11-29T17:18:15.789+05:30  INFO 4496 --- [user-service] [restartedMain] com.zaxxer.hikari.pool.HikariPool        : HikariPool-10 - Added connection com.mysql.cj.jdbc.ConnectionImpl@4ac17152
2024-11-29T17:18:15.790+05:30  INFO 4496 --- [user-service] [restartedMain] com.zaxxer.hikari.HikariDataSource       : HikariPool-10 - Start completed.
2024-11-29T17:18:15.791+05:30  WARN 4496 --- [user-service] [restartedMain] org.hibernate.orm.deprecation            : HHH90000025: MySQL8Dialect does not need to be specified explicitly using 'hibernate.dialect' (remove the property setting and it will be selected by default)
2024-11-29T17:18:15.791+05:30  WARN 4496 --- [user-service] [restartedMain] org.hibernate.orm.deprecation            : HHH90000026: MySQL8Dialect has been deprecated; use org.hibernate.dialect.MySQLDialect instead
2024-11-29T17:18:15.792+05:30  INFO 4496 --- [user-service] [restartedMain] org.hibernate.orm.connections.pooling    : HHH10001005: Database info:
	Database JDBC URL [Connecting through datasource 'HikariDataSource (HikariPool-10)']
	Database driver: undefined/unknown
	Database version: 8.0
	Autocommit mode: undefined/unknown
	Isolation level: undefined/unknown
	Minimum pool size: undefined/unknown
	Maximum pool size: undefined/unknown
2024-11-29T17:18:15.849+05:30  INFO 4496 --- [user-service] [restartedMain] o.h.e.t.j.p.i.JtaPlatformInitiator       : HHH000489: No JTA platform available (set 'hibernate.transaction.jta.platform' to enable JTA platform integration)
2024-11-29T17:18:15.859+05:30  INFO 4496 --- [user-service] [restartedMain] j.LocalContainerEntityManagerFactoryBean : Initialized JPA EntityManagerFactory for persistence unit 'default'
2024-11-29T17:18:15.966+05:30  WARN 4496 --- [user-service] [restartedMain] JpaBaseConfiguration$JpaWebConfiguration : spring.jpa.open-in-view is enabled by default. Therefore, database queries may be performed during view rendering. Explicitly configure spring.jpa.open-in-view to disable this warning
2024-11-29T17:18:16.150+05:30  INFO 4496 --- [user-service] [restartedMain] o.s.b.d.a.OptionalLiveReloadServer       : LiveReload server is running on port 35729
2024-11-29T17:18:16.170+05:30  INFO 4496 --- [user-service] [restartedMain] o.s.b.w.embedded.tomcat.TomcatWebServer  : Tomcat started on port 8080 (http) with context path '/'
2024-11-29T17:18:16.178+05:30  INFO 4496 --- [user-service] [restartedMain] c.u.user_service.UserServiceApplication  : Started UserServiceApplication in 1.126 seconds (process running for 1599.857)
2024-11-29T17:18:16.187+05:30  INFO 4496 --- [user-service] [restartedMain] .ConditionEvaluationDeltaLoggingListener : Condition evaluation unchanged
2024-11-29T17:19:12.315+05:30  INFO 4496 --- [user-service] [File Watcher] rtingClassPathChangeChangedEventListener : Restarting due to 1 class path change (0 additions, 0 deletions, 1 modification)
2024-11-29T17:19:12.319+05:30  INFO 4496 --- [user-service] [Thread-42] o.s.b.w.e.tomcat.GracefulShutdown        : Commencing graceful shutdown. Waiting for active requests to complete
2024-11-29T17:19:12.357+05:30  INFO 4496 --- [user-service] [tomcat-shutdown] o.s.b.w.e.tomcat.GracefulShutdown        : Graceful shutdown complete
2024-11-29T17:19:12.360+05:30  INFO 4496 --- [user-service] [Thread-42] j.LocalContainerEntityManagerFactoryBean : Closing JPA EntityManagerFactory for persistence unit 'default'
2024-11-29T17:19:12.362+05:30  INFO 4496 --- [user-service] [Thread-42] com.zaxxer.hikari.HikariDataSource       : HikariPool-10 - Shutdown initiated...
2024-11-29T17:19:12.374+05:30  INFO 4496 --- [user-service] [Thread-42] com.zaxxer.hikari.HikariDataSource       : HikariPool-10 - Shutdown completed.
2024-11-29T17:19:12.500+05:30  INFO 4496 --- [user-service] [restartedMain] c.u.user_service.UserServiceApplication  : Starting UserServiceApplication using Java 21.0.4 with PID 4496 (C:\Users\shant\Documents\GitHub\RoomServiceManagementSystem\user-service\target\classes started by shant in C:\Users\shant\Documents\GitHub\RoomServiceManagementSystem\user-service)
2024-11-29T17:19:12.501+05:30 DEBUG 4496 --- [user-service] [restartedMain] c.u.user_service.UserServiceApplication  : Running with Spring Boot v3.4.0, Spring v6.2.0
2024-11-29T17:19:12.501+05:30  INFO 4496 --- [user-service] [restartedMain] c.u.user_service.UserServiceApplication  : No active profile set, falling back to 1 default profile: "default"
2024-11-29T17:19:12.749+05:30  INFO 4496 --- [user-service] [restartedMain] .s.d.r.c.RepositoryConfigurationDelegate : Bootstrapping Spring Data JPA repositories in DEFAULT mode.
2024-11-29T17:19:12.759+05:30  INFO 4496 --- [user-service] [restartedMain] .s.d.r.c.RepositoryConfigurationDelegate : Finished Spring Data repository scanning in 7 ms. Found 1 JPA repository interface.
2024-11-29T17:19:12.945+05:30  INFO 4496 --- [user-service] [restartedMain] o.s.b.w.embedded.tomcat.TomcatWebServer  : Tomcat initialized with port 8080 (http)
2024-11-29T17:19:12.948+05:30  INFO 4496 --- [user-service] [restartedMain] o.apache.catalina.core.StandardService   : Starting service [Tomcat]
2024-11-29T17:19:12.949+05:30  INFO 4496 --- [user-service] [restartedMain] o.apache.catalina.core.StandardEngine    : Starting Servlet engine: [Apache Tomcat/10.1.33]
2024-11-29T17:19:12.995+05:30  INFO 4496 --- [user-service] [restartedMain] o.a.c.c.C.[Tomcat-1].[localhost].[/]     : Initializing Spring embedded WebApplicationContext
2024-11-29T17:19:12.995+05:30  INFO 4496 --- [user-service] [restartedMain] w.s.c.ServletWebServerApplicationContext : Root WebApplicationContext: initialization completed in 490 ms
2024-11-29T17:19:13.087+05:30  INFO 4496 --- [user-service] [restartedMain] o.hibernate.jpa.internal.util.LogHelper  : HHH000204: Processing PersistenceUnitInfo [name: default]
2024-11-29T17:19:13.093+05:30  INFO 4496 --- [user-service] [restartedMain] o.h.c.internal.RegionFactoryInitiator    : HHH000026: Second-level cache disabled
2024-11-29T17:19:13.108+05:30  INFO 4496 --- [user-service] [restartedMain] o.s.o.j.p.SpringPersistenceUnitInfo      : No LoadTimeWeaver setup: ignoring JPA class transformer
2024-11-29T17:19:13.110+05:30  INFO 4496 --- [user-service] [restartedMain] com.zaxxer.hikari.HikariDataSource       : HikariPool-11 - Starting...
2024-11-29T17:19:13.131+05:30  INFO 4496 --- [user-service] [restartedMain] com.zaxxer.hikari.pool.HikariPool        : HikariPool-11 - Added connection com.mysql.cj.jdbc.ConnectionImpl@633ef969
2024-11-29T17:19:13.132+05:30  INFO 4496 --- [user-service] [restartedMain] com.zaxxer.hikari.HikariDataSource       : HikariPool-11 - Start completed.
2024-11-29T17:19:13.132+05:30  WARN 4496 --- [user-service] [restartedMain] org.hibernate.orm.deprecation            : HHH90000025: MySQL8Dialect does not need to be specified explicitly using 'hibernate.dialect' (remove the property setting and it will be selected by default)
2024-11-29T17:19:13.133+05:30  WARN 4496 --- [user-service] [restartedMain] org.hibernate.orm.deprecation            : HHH90000026: MySQL8Dialect has been deprecated; use org.hibernate.dialect.MySQLDialect instead
2024-11-29T17:19:13.133+05:30  INFO 4496 --- [user-service] [restartedMain] org.hibernate.orm.connections.pooling    : HHH10001005: Database info:
	Database JDBC URL [Connecting through datasource 'HikariDataSource (HikariPool-11)']
	Database driver: undefined/unknown
	Database version: 8.0
	Autocommit mode: undefined/unknown
	Isolation level: undefined/unknown
	Minimum pool size: undefined/unknown
	Maximum pool size: undefined/unknown
2024-11-29T17:19:13.200+05:30  INFO 4496 --- [user-service] [restartedMain] o.h.e.t.j.p.i.JtaPlatformInitiator       : HHH000489: No JTA platform available (set 'hibernate.transaction.jta.platform' to enable JTA platform integration)
2024-11-29T17:19:13.210+05:30  INFO 4496 --- [user-service] [restartedMain] j.LocalContainerEntityManagerFactoryBean : Initialized JPA EntityManagerFactory for persistence unit 'default'
2024-11-29T17:19:13.343+05:30  WARN 4496 --- [user-service] [restartedMain] JpaBaseConfiguration$JpaWebConfiguration : spring.jpa.open-in-view is enabled by default. Therefore, database queries may be performed during view rendering. Explicitly configure spring.jpa.open-in-view to disable this warning
2024-11-29T17:19:13.528+05:30  INFO 4496 --- [user-service] [restartedMain] o.s.b.d.a.OptionalLiveReloadServer       : LiveReload server is running on port 35729
2024-11-29T17:19:13.546+05:30  INFO 4496 --- [user-service] [restartedMain] o.s.b.w.embedded.tomcat.TomcatWebServer  : Tomcat started on port 8080 (http) with context path '/'
2024-11-29T17:19:13.559+05:30  INFO 4496 --- [user-service] [restartedMain] c.u.user_service.UserServiceApplication  : Started UserServiceApplication in 1.108 seconds (process running for 1657.238)
2024-11-29T17:19:13.563+05:30  INFO 4496 --- [user-service] [restartedMain] .ConditionEvaluationDeltaLoggingListener : Condition evaluation unchanged
2024-11-29T17:20:40.907+05:30  INFO 4496 --- [user-service] [File Watcher] rtingClassPathChangeChangedEventListener : Restarting due to 1 class path change (0 additions, 0 deletions, 1 modification)
2024-11-29T17:20:40.912+05:30  INFO 4496 --- [user-service] [Thread-46] o.s.b.w.e.tomcat.GracefulShutdown        : Commencing graceful shutdown. Waiting for active requests to complete
2024-11-29T17:20:40.927+05:30  INFO 4496 --- [user-service] [tomcat-shutdown] o.s.b.w.e.tomcat.GracefulShutdown        : Graceful shutdown complete
2024-11-29T17:20:40.936+05:30  INFO 4496 --- [user-service] [Thread-46] j.LocalContainerEntityManagerFactoryBean : Closing JPA EntityManagerFactory for persistence unit 'default'
2024-11-29T17:20:40.938+05:30  INFO 4496 --- [user-service] [Thread-46] com.zaxxer.hikari.HikariDataSource       : HikariPool-11 - Shutdown initiated...
2024-11-29T17:20:40.946+05:30  INFO 4496 --- [user-service] [Thread-46] com.zaxxer.hikari.HikariDataSource       : HikariPool-11 - Shutdown completed.
2024-11-29T17:20:41.063+05:30  INFO 4496 --- [user-service] [restartedMain] c.u.user_service.UserServiceApplication  : Starting UserServiceApplication using Java 21.0.4 with PID 4496 (C:\Users\shant\Documents\GitHub\RoomServiceManagementSystem\user-service\target\classes started by shant in C:\Users\shant\Documents\GitHub\RoomServiceManagementSystem\user-service)
2024-11-29T17:20:41.064+05:30 DEBUG 4496 --- [user-service] [restartedMain] c.u.user_service.UserServiceApplication  : Running with Spring Boot v3.4.0, Spring v6.2.0
2024-11-29T17:20:41.064+05:30  INFO 4496 --- [user-service] [restartedMain] c.u.user_service.UserServiceApplication  : No active profile set, falling back to 1 default profile: "default"
2024-11-29T17:20:41.248+05:30  INFO 4496 --- [user-service] [restartedMain] .s.d.r.c.RepositoryConfigurationDelegate : Bootstrapping Spring Data JPA repositories in DEFAULT mode.
2024-11-29T17:20:41.257+05:30  INFO 4496 --- [user-service] [restartedMain] .s.d.r.c.RepositoryConfigurationDelegate : Finished Spring Data repository scanning in 7 ms. Found 1 JPA repository interface.
2024-11-29T17:20:41.425+05:30  INFO 4496 --- [user-service] [restartedMain] o.s.b.w.embedded.tomcat.TomcatWebServer  : Tomcat initialized with port 8080 (http)
2024-11-29T17:20:41.427+05:30  INFO 4496 --- [user-service] [restartedMain] o.apache.catalina.core.StandardService   : Starting service [Tomcat]
2024-11-29T17:20:41.427+05:30  INFO 4496 --- [user-service] [restartedMain] o.apache.catalina.core.StandardEngine    : Starting Servlet engine: [Apache Tomcat/10.1.33]
2024-11-29T17:20:41.460+05:30  INFO 4496 --- [user-service] [restartedMain] o.a.c.c.C.[Tomcat-1].[localhost].[/]     : Initializing Spring embedded WebApplicationContext
2024-11-29T17:20:41.461+05:30  INFO 4496 --- [user-service] [restartedMain] w.s.c.ServletWebServerApplicationContext : Root WebApplicationContext: initialization completed in 393 ms
2024-11-29T17:20:41.536+05:30  INFO 4496 --- [user-service] [restartedMain] o.hibernate.jpa.internal.util.LogHelper  : HHH000204: Processing PersistenceUnitInfo [name: default]
2024-11-29T17:20:41.543+05:30  INFO 4496 --- [user-service] [restartedMain] o.h.c.internal.RegionFactoryInitiator    : HHH000026: Second-level cache disabled
2024-11-29T17:20:41.560+05:30  INFO 4496 --- [user-service] [restartedMain] o.s.o.j.p.SpringPersistenceUnitInfo      : No LoadTimeWeaver setup: ignoring JPA class transformer
2024-11-29T17:20:41.563+05:30  INFO 4496 --- [user-service] [restartedMain] com.zaxxer.hikari.HikariDataSource       : HikariPool-12 - Starting...
2024-11-29T17:20:41.583+05:30  INFO 4496 --- [user-service] [restartedMain] com.zaxxer.hikari.pool.HikariPool        : HikariPool-12 - Added connection com.mysql.cj.jdbc.ConnectionImpl@7ef3356f
2024-11-29T17:20:41.583+05:30  INFO 4496 --- [user-service] [restartedMain] com.zaxxer.hikari.HikariDataSource       : HikariPool-12 - Start completed.
2024-11-29T17:20:41.584+05:30  WARN 4496 --- [user-service] [restartedMain] org.hibernate.orm.deprecation            : HHH90000025: MySQL8Dialect does not need to be specified explicitly using 'hibernate.dialect' (remove the property setting and it will be selected by default)
2024-11-29T17:20:41.585+05:30  WARN 4496 --- [user-service] [restartedMain] org.hibernate.orm.deprecation            : HHH90000026: MySQL8Dialect has been deprecated; use org.hibernate.dialect.MySQLDialect instead
2024-11-29T17:20:41.585+05:30  INFO 4496 --- [user-service] [restartedMain] org.hibernate.orm.connections.pooling    : HHH10001005: Database info:
	Database JDBC URL [Connecting through datasource 'HikariDataSource (HikariPool-12)']
	Database driver: undefined/unknown
	Database version: 8.0
	Autocommit mode: undefined/unknown
	Isolation level: undefined/unknown
	Minimum pool size: undefined/unknown
	Maximum pool size: undefined/unknown
2024-11-29T17:20:41.641+05:30  INFO 4496 --- [user-service] [restartedMain] o.h.e.t.j.p.i.JtaPlatformInitiator       : HHH000489: No JTA platform available (set 'hibernate.transaction.jta.platform' to enable JTA platform integration)
2024-11-29T17:20:41.653+05:30  INFO 4496 --- [user-service] [restartedMain] j.LocalContainerEntityManagerFactoryBean : Initialized JPA EntityManagerFactory for persistence unit 'default'
2024-11-29T17:20:41.750+05:30  WARN 4496 --- [user-service] [restartedMain] JpaBaseConfiguration$JpaWebConfiguration : spring.jpa.open-in-view is enabled by default. Therefore, database queries may be performed during view rendering. Explicitly configure spring.jpa.open-in-view to disable this warning
2024-11-29T17:20:41.906+05:30  INFO 4496 --- [user-service] [restartedMain] o.s.b.d.a.OptionalLiveReloadServer       : LiveReload server is running on port 35729
2024-11-29T17:20:41.924+05:30  INFO 4496 --- [user-service] [restartedMain] o.s.b.w.embedded.tomcat.TomcatWebServer  : Tomcat started on port 8080 (http) with context path '/'
2024-11-29T17:20:41.941+05:30  INFO 4496 --- [user-service] [restartedMain] c.u.user_service.UserServiceApplication  : Started UserServiceApplication in 0.92 seconds (process running for 1745.62)
2024-11-29T17:20:41.945+05:30  INFO 4496 --- [user-service] [restartedMain] .ConditionEvaluationDeltaLoggingListener : Condition evaluation unchanged
2024-11-29T17:20:58.792+05:30  INFO 4496 --- [user-service] [File Watcher] rtingClassPathChangeChangedEventListener : Restarting due to 1 class path change (0 additions, 0 deletions, 1 modification)
2024-11-29T17:20:58.795+05:30  INFO 4496 --- [user-service] [Thread-50] o.s.b.w.e.tomcat.GracefulShutdown        : Commencing graceful shutdown. Waiting for active requests to complete
2024-11-29T17:20:58.805+05:30  INFO 4496 --- [user-service] [tomcat-shutdown] o.s.b.w.e.tomcat.GracefulShutdown        : Graceful shutdown complete
2024-11-29T17:20:58.811+05:30  INFO 4496 --- [user-service] [Thread-50] j.LocalContainerEntityManagerFactoryBean : Closing JPA EntityManagerFactory for persistence unit 'default'
2024-11-29T17:20:58.812+05:30  INFO 4496 --- [user-service] [Thread-50] com.zaxxer.hikari.HikariDataSource       : HikariPool-12 - Shutdown initiated...
2024-11-29T17:20:58.822+05:30  INFO 4496 --- [user-service] [Thread-50] com.zaxxer.hikari.HikariDataSource       : HikariPool-12 - Shutdown completed.
2024-11-29T17:20:58.940+05:30  INFO 4496 --- [user-service] [restartedMain] c.u.user_service.UserServiceApplication  : Starting UserServiceApplication using Java 21.0.4 with PID 4496 (C:\Users\shant\Documents\GitHub\RoomServiceManagementSystem\user-service\target\classes started by shant in C:\Users\shant\Documents\GitHub\RoomServiceManagementSystem\user-service)
2024-11-29T17:20:58.940+05:30 DEBUG 4496 --- [user-service] [restartedMain] c.u.user_service.UserServiceApplication  : Running with Spring Boot v3.4.0, Spring v6.2.0
2024-11-29T17:20:58.940+05:30  INFO 4496 --- [user-service] [restartedMain] c.u.user_service.UserServiceApplication  : No active profile set, falling back to 1 default profile: "default"
2024-11-29T17:20:59.169+05:30  INFO 4496 --- [user-service] [restartedMain] .s.d.r.c.RepositoryConfigurationDelegate : Bootstrapping Spring Data JPA repositories in DEFAULT mode.
2024-11-29T17:20:59.178+05:30  INFO 4496 --- [user-service] [restartedMain] .s.d.r.c.RepositoryConfigurationDelegate : Finished Spring Data repository scanning in 7 ms. Found 1 JPA repository interface.
2024-11-29T17:20:59.404+05:30  INFO 4496 --- [user-service] [restartedMain] o.s.b.w.embedded.tomcat.TomcatWebServer  : Tomcat initialized with port 8080 (http)
2024-11-29T17:20:59.406+05:30  INFO 4496 --- [user-service] [restartedMain] o.apache.catalina.core.StandardService   : Starting service [Tomcat]
2024-11-29T17:20:59.406+05:30  INFO 4496 --- [user-service] [restartedMain] o.apache.catalina.core.StandardEngine    : Starting Servlet engine: [Apache Tomcat/10.1.33]
2024-11-29T17:20:59.452+05:30  INFO 4496 --- [user-service] [restartedMain] o.a.c.c.C.[Tomcat-1].[localhost].[/]     : Initializing Spring embedded WebApplicationContext
2024-11-29T17:20:59.452+05:30  INFO 4496 --- [user-service] [restartedMain] w.s.c.ServletWebServerApplicationContext : Root WebApplicationContext: initialization completed in 508 ms
2024-11-29T17:20:59.564+05:30  INFO 4496 --- [user-service] [restartedMain] o.hibernate.jpa.internal.util.LogHelper  : HHH000204: Processing PersistenceUnitInfo [name: default]
2024-11-29T17:20:59.574+05:30  INFO 4496 --- [user-service] [restartedMain] o.h.c.internal.RegionFactoryInitiator    : HHH000026: Second-level cache disabled
2024-11-29T17:20:59.592+05:30  INFO 4496 --- [user-service] [restartedMain] o.s.o.j.p.SpringPersistenceUnitInfo      : No LoadTimeWeaver setup: ignoring JPA class transformer
2024-11-29T17:20:59.593+05:30  INFO 4496 --- [user-service] [restartedMain] com.zaxxer.hikari.HikariDataSource       : HikariPool-13 - Starting...
2024-11-29T17:20:59.611+05:30  INFO 4496 --- [user-service] [restartedMain] com.zaxxer.hikari.pool.HikariPool        : HikariPool-13 - Added connection com.mysql.cj.jdbc.ConnectionImpl@1ab2acd7
2024-11-29T17:20:59.611+05:30  INFO 4496 --- [user-service] [restartedMain] com.zaxxer.hikari.HikariDataSource       : HikariPool-13 - Start completed.
2024-11-29T17:20:59.612+05:30  WARN 4496 --- [user-service] [restartedMain] org.hibernate.orm.deprecation            : HHH90000025: MySQL8Dialect does not need to be specified explicitly using 'hibernate.dialect' (remove the property setting and it will be selected by default)
2024-11-29T17:20:59.612+05:30  WARN 4496 --- [user-service] [restartedMain] org.hibernate.orm.deprecation            : HHH90000026: MySQL8Dialect has been deprecated; use org.hibernate.dialect.MySQLDialect instead
2024-11-29T17:20:59.613+05:30  INFO 4496 --- [user-service] [restartedMain] org.hibernate.orm.connections.pooling    : HHH10001005: Database info:
	Database JDBC URL [Connecting through datasource 'HikariDataSource (HikariPool-13)']
	Database driver: undefined/unknown
	Database version: 8.0
	Autocommit mode: undefined/unknown
	Isolation level: undefined/unknown
	Minimum pool size: undefined/unknown
	Maximum pool size: undefined/unknown
2024-11-29T17:20:59.679+05:30  INFO 4496 --- [user-service] [restartedMain] o.h.e.t.j.p.i.JtaPlatformInitiator       : HHH000489: No JTA platform available (set 'hibernate.transaction.jta.platform' to enable JTA platform integration)
2024-11-29T17:20:59.691+05:30  INFO 4496 --- [user-service] [restartedMain] j.LocalContainerEntityManagerFactoryBean : Initialized JPA EntityManagerFactory for persistence unit 'default'
2024-11-29T17:20:59.800+05:30  WARN 4496 --- [user-service] [restartedMain] JpaBaseConfiguration$JpaWebConfiguration : spring.jpa.open-in-view is enabled by default. Therefore, database queries may be performed during view rendering. Explicitly configure spring.jpa.open-in-view to disable this warning
2024-11-29T17:20:59.978+05:30  INFO 4496 --- [user-service] [restartedMain] o.s.b.d.a.OptionalLiveReloadServer       : LiveReload server is running on port 35729
2024-11-29T17:20:59.998+05:30  INFO 4496 --- [user-service] [restartedMain] o.s.b.w.embedded.tomcat.TomcatWebServer  : Tomcat started on port 8080 (http) with context path '/'
2024-11-29T17:21:00.027+05:30  INFO 4496 --- [user-service] [restartedMain] c.u.user_service.UserServiceApplication  : Started UserServiceApplication in 1.135 seconds (process running for 1763.706)
2024-11-29T17:21:00.057+05:30  INFO 4496 --- [user-service] [restartedMain] .ConditionEvaluationDeltaLoggingListener : Condition evaluation unchanged
2024-11-29T17:21:55.777+05:30  INFO 4496 --- [user-service] [http-nio-8080-exec-2] o.a.c.c.C.[Tomcat-1].[localhost].[/]     : Initializing Spring DispatcherServlet 'dispatcherServlet'
2024-11-29T17:21:55.777+05:30  INFO 4496 --- [user-service] [http-nio-8080-exec-2] o.s.web.servlet.DispatcherServlet        : Initializing Servlet 'dispatcherServlet'
2024-11-29T17:21:55.779+05:30  INFO 4496 --- [user-service] [http-nio-8080-exec-2] o.s.web.servlet.DispatcherServlet        : Completed initialization in 2 ms
2024-11-29T17:21:55.788+05:30  INFO 4496 --- [user-service] [http-nio-8080-exec-2] com.user.seviceimpl.UserServiceImpl      : Saving user with details: UserBean(id=0, name=John Doopp, password=passwwrd123, email=john.doe@exsample.com, mobileNo=12345600890, address=123 Main Strseet)
2024-11-29T17:21:55.806+05:30  INFO 4496 --- [user-service] [http-nio-8080-exec-2] com.user.seviceimpl.UserServiceImpl      : User saved successfully with ID: 3
